#-----------------------------------------------------------
# Vivado v2017.4 (64-bit)
# SW Build 2086221 on Fri Dec 15 20:55:39 MST 2017
# IP Build 2085800 on Fri Dec 15 22:25:07 MST 2017
# Start of session at: Tue May 16 15:33:56 2023
# Process ID: 14792
# Current directory: D:/Sustech/2023 Spring/CS214 Computer Organizations/Project/CPU
# Command line: vivado.exe -gui_launcher_event rodinguilauncherevent6972 D:\Sustech\2023 Spring\CS214 Computer Organizations\Project\CPU\CPU.xpr
# Log file: D:/Sustech/2023 Spring/CS214 Computer Organizations/Project/CPU/vivado.log
# Journal file: D:/Sustech/2023 Spring/CS214 Computer Organizations/Project/CPU\vivado.jou
#-----------------------------------------------------------
start_gui
open_project {D:/Sustech/2023 Spring/CS214 Computer Organizations/Project/CPU/CPU.xpr}
INFO: [Project 1-313] Project file moved from 'C:/Users/Wiman/VivadoSaving/CPU' since last save.
CRITICAL WARNING: [Project 1-311] Could not find the file 'D:/Sustech/2023 Spring/CS214 Computer Organizations/Project/CPU/coe_save/dmem32.coe', nor could it be found using path 'C:/Users/Wiman/VivadoSaving/CPU/coe_save/dmem32.coe'.
Scanning sources...
Finished scanning sources
INFO: [IP_Flow 19-234] Refreshing IP repositories
INFO: [IP_Flow 19-1700] Loaded user IP repository 'd:/Sustech/2023 Spring/CS214 Computer Organizations/Project/CPU/file_saving/SEU_CSE_507_user_uart_bmpg_1.3'.
INFO: [IP_Flow 19-2313] Loaded Vivado IP repository 'D:/Xilinx/Vivado/2017.4/data/ip'.
launch_runs synth_1 -jobs 10
[Tue May 16 15:34:12 2023] Launched synth_1...
Run output will be captured here: D:/Sustech/2023 Spring/CS214 Computer Organizations/Project/CPU/CPU.runs/synth_1/runme.log
INFO: [Device 21-403] Loading part xc7a100tfgg484-1
WARNING: [IP_Flow 19-4067] Ignoring invalid widget type specified checkbox.Providing a default widget
WARNING: [IP_Flow 19-4067] Ignoring invalid widget type specified checkbox.Providing a default widget
WARNING: [IP_Flow 19-4067] Ignoring invalid widget type specified checkbox.Providing a default widget
WARNING: [IP_Flow 19-4067] Ignoring invalid widget type specified checkbox.Providing a default widget
export_ip_user_files -of_objects  [get_files {{D:/Sustech/2023 Spring/CS214 Computer Organizations/Project/CPU/coe_save/dmem32.coe}}] -no_script -reset -force -quiet
remove_files  {{D:/Sustech/2023 Spring/CS214 Computer Organizations/Project/CPU/coe_save/dmem32.coe}}
reset_run synth_1
launch_runs synth_1 -jobs 10
[Tue May 16 15:39:00 2023] Launched synth_1...
Run output will be captured here: D:/Sustech/2023 Spring/CS214 Computer Organizations/Project/CPU/CPU.runs/synth_1/runme.log
WARNING: [filemgmt 56-199] Attempt to get parsing info during refresh. "On-the-fly" syntax checking information may be incorrect. [D:/Sustech/2023 Spring/CS214 Computer Organizations/Project/CPU/CPU.srcs/sources_1/new/ROM.v:]
WARNING: [filemgmt 56-199] Attempt to get parsing info during refresh. "On-the-fly" syntax checking information may be incorrect. [D:/Sustech/2023 Spring/CS214 Computer Organizations/Project/CPU/CPU.srcs/sources_1/new/main.v:]
WARNING: [filemgmt 56-199] Attempt to get parsing info during refresh. "On-the-fly" syntax checking information may be incorrect. [D:/Sustech/2023 Spring/CS214 Computer Organizations/Project/CPU/CPU.srcs/sources_1/new/RAM.v:]
WARNING: [filemgmt 56-199] Attempt to get parsing info during refresh. "On-the-fly" syntax checking information may be incorrect. [D:/Sustech/2023 Spring/CS214 Computer Organizations/Project/CPU/CPU.srcs/sources_1/new/ALU.v:]
WARNING: [filemgmt 56-199] Attempt to get parsing info during refresh. "On-the-fly" syntax checking information may be incorrect. [D:/Sustech/2023 Spring/CS214 Computer Organizations/Project/CPU/CPU.srcs/sources_1/new/SIMD_ALU.v:]
WARNING: [filemgmt 56-199] Attempt to get parsing info during refresh. "On-the-fly" syntax checking information may be incorrect. [D:/Sustech/2023 Spring/CS214 Computer Organizations/Project/CPU/CPU.srcs/sources_1/new/test.v:]
WARNING: [filemgmt 56-199] Attempt to get parsing info during refresh. "On-the-fly" syntax checking information may be incorrect. [D:/Sustech/2023 Spring/CS214 Computer Organizations/Project/CPU/CPU.srcs/sources_1/new/ROM.v:]
WARNING: [filemgmt 56-199] Attempt to get parsing info during refresh. "On-the-fly" syntax checking information may be incorrect. [D:/Sustech/2023 Spring/CS214 Computer Organizations/Project/CPU/CPU.srcs/sources_1/new/main.v:]
WARNING: [filemgmt 56-199] Attempt to get parsing info during refresh. "On-the-fly" syntax checking information may be incorrect. [D:/Sustech/2023 Spring/CS214 Computer Organizations/Project/CPU/CPU.srcs/sources_1/new/RAM.v:]
WARNING: [filemgmt 56-199] Attempt to get parsing info during refresh. "On-the-fly" syntax checking information may be incorrect. [D:/Sustech/2023 Spring/CS214 Computer Organizations/Project/CPU/CPU.srcs/sources_1/new/ALU.v:]
WARNING: [filemgmt 56-199] Attempt to get parsing info during refresh. "On-the-fly" syntax checking information may be incorrect. [D:/Sustech/2023 Spring/CS214 Computer Organizations/Project/CPU/CPU.srcs/sources_1/new/SIMD_ALU.v:]
WARNING: [filemgmt 56-199] Attempt to get parsing info during refresh. "On-the-fly" syntax checking information may be incorrect. [D:/Sustech/2023 Spring/CS214 Computer Organizations/Project/CPU/CPU.srcs/sources_1/new/test.v:]
WARNING: [filemgmt 56-199] Attempt to get parsing info during refresh. "On-the-fly" syntax checking information may be incorrect. [D:/Sustech/2023 Spring/CS214 Computer Organizations/Project/CPU/CPU.srcs/sources_1/new/ROM.v:]
WARNING: [filemgmt 56-199] Attempt to get parsing info during refresh. "On-the-fly" syntax checking information may be incorrect. [D:/Sustech/2023 Spring/CS214 Computer Organizations/Project/CPU/CPU.srcs/sources_1/new/main.v:]
WARNING: [filemgmt 56-199] Attempt to get parsing info during refresh. "On-the-fly" syntax checking information may be incorrect. [D:/Sustech/2023 Spring/CS214 Computer Organizations/Project/CPU/CPU.srcs/sources_1/new/RAM.v:]
WARNING: [filemgmt 56-199] Attempt to get parsing info during refresh. "On-the-fly" syntax checking information may be incorrect. [D:/Sustech/2023 Spring/CS214 Computer Organizations/Project/CPU/CPU.srcs/sources_1/new/ALU.v:]
WARNING: [filemgmt 56-199] Attempt to get parsing info during refresh. "On-the-fly" syntax checking information may be incorrect. [D:/Sustech/2023 Spring/CS214 Computer Organizations/Project/CPU/CPU.srcs/sources_1/new/SIMD_ALU.v:]
WARNING: [filemgmt 56-199] Attempt to get parsing info during refresh. "On-the-fly" syntax checking information may be incorrect. [D:/Sustech/2023 Spring/CS214 Computer Organizations/Project/CPU/CPU.srcs/sources_1/new/test.v:]
WARNING: [filemgmt 56-199] Attempt to get parsing info during refresh. "On-the-fly" syntax checking information may be incorrect. [D:/Sustech/2023 Spring/CS214 Computer Organizations/Project/CPU/CPU.srcs/sources_1/new/ROM.v:]
WARNING: [filemgmt 56-199] Attempt to get parsing info during refresh. "On-the-fly" syntax checking information may be incorrect. [D:/Sustech/2023 Spring/CS214 Computer Organizations/Project/CPU/CPU.srcs/sources_1/new/main.v:]
WARNING: [filemgmt 56-199] Attempt to get parsing info during refresh. "On-the-fly" syntax checking information may be incorrect. [D:/Sustech/2023 Spring/CS214 Computer Organizations/Project/CPU/CPU.srcs/sources_1/new/RAM.v:]
WARNING: [filemgmt 56-199] Attempt to get parsing info during refresh. "On-the-fly" syntax checking information may be incorrect. [D:/Sustech/2023 Spring/CS214 Computer Organizations/Project/CPU/CPU.srcs/sources_1/new/ALU.v:]
WARNING: [filemgmt 56-199] Attempt to get parsing info during refresh. "On-the-fly" syntax checking information may be incorrect. [D:/Sustech/2023 Spring/CS214 Computer Organizations/Project/CPU/CPU.srcs/sources_1/new/SIMD_ALU.v:]
WARNING: [filemgmt 56-199] Attempt to get parsing info during refresh. "On-the-fly" syntax checking information may be incorrect. [D:/Sustech/2023 Spring/CS214 Computer Organizations/Project/CPU/CPU.srcs/sources_1/new/test.v:]
ERROR: [Common 17-180] Spawn failed: No error
reset_run synth_1
launch_runs synth_1 -jobs 10
[Tue May 16 15:40:54 2023] Launched synth_1...
Run output will be captured here: D:/Sustech/2023 Spring/CS214 Computer Organizations/Project/CPU/CPU.runs/synth_1/runme.log
